<?xml version="1.0" encoding="UTF-8"?>
<!-- Generated by org.testng.reporters.JUnitXMLReporter -->
<testsuite hostname="EPBYGOMW0114" ignored="0" name="Firefox Test" tests="4" failures="4" timestamp="02 Jun 2018 09:00:11 GMT" time="25.518" errors="0">
  <testcase name="@AfterClass closeDriver" time="0.002" classname="com.globoforce.mentoring.testautomation.awardlightbox.OpenFullScreenAward">
    <failure type="org.openqa.selenium.SessionNotCreatedException" message="Tried to run command without establishing a connection
Build info: version: &amp;apos;3.4.0&amp;apos;, revision: &amp;apos;unknown&amp;apos;, time: &amp;apos;unknown&amp;apos;
System info: host: &amp;apos;EPBYGOMW0114&amp;apos;, ip: &amp;apos;10.9.126.5&amp;apos;, os.name: &amp;apos;Windows 10&amp;apos;, os.arch: &amp;apos;amd64&amp;apos;, os.version: &amp;apos;10.0&amp;apos;, java.version: &amp;apos;1.8.0_171&amp;apos;
Driver info: org.openqa.selenium.firefox.FirefoxDriver
Capabilities [{moz:profile=C:\Users\Iryna_Aleinik\AppData\Local\Temp\rust_mozprofile.ARhooyqg8OmY, rotatable=false, timeouts={implicit=0.0, pageLoad=300000.0, script=30000.0}, pageLoadStrategy=normal, moz:headless=false, platform=ANY, moz:accessibilityChecks=false, moz:useNonSpecCompliantPointerOrigin=false, acceptInsecureCerts=false, browserVersion=60.0.1, platformVersion=10.0, moz:processID=10672.0, browserName=firefox, javascriptEnabled=true, platformName=windows_nt, moz:webdriverClick=true}]
Session ID: ab05f012-87fd-4412-8e20-ef3e0fec9fd3">
      <![CDATA[org.openqa.selenium.SessionNotCreatedException: Tried to run command without establishing a connection
Build info: version: '3.4.0', revision: 'unknown', time: 'unknown'
System info: host: 'EPBYGOMW0114', ip: '10.9.126.5', os.name: 'Windows 10', os.arch: 'amd64', os.version: '10.0', java.version: '1.8.0_171'
Driver info: org.openqa.selenium.firefox.FirefoxDriver
Capabilities [{moz:profile=C:\Users\Iryna_Aleinik\AppData\Local\Temp\rust_mozprofile.ARhooyqg8OmY, rotatable=false, timeouts={implicit=0.0, pageLoad=300000.0, script=30000.0}, pageLoadStrategy=normal, moz:headless=false, platform=ANY, moz:accessibilityChecks=false, moz:useNonSpecCompliantPointerOrigin=false, acceptInsecureCerts=false, browserVersion=60.0.1, platformVersion=10.0, moz:processID=10672.0, browserName=firefox, javascriptEnabled=true, platformName=windows_nt, moz:webdriverClick=true}]
Session ID: ab05f012-87fd-4412-8e20-ef3e0fec9fd3
at org.openqa.selenium.remote.http.W3CHttpResponseCodec.createException(W3CHttpResponseCodec.java:150)
at org.openqa.selenium.remote.http.W3CHttpResponseCodec.decode(W3CHttpResponseCodec.java:115)
at org.openqa.selenium.remote.http.W3CHttpResponseCodec.decode(W3CHttpResponseCodec.java:45)
at org.openqa.selenium.remote.HttpCommandExecutor.execute(HttpCommandExecutor.java:164)
at org.openqa.selenium.remote.service.DriverCommandExecutor.execute(DriverCommandExecutor.java:82)
at org.openqa.selenium.remote.RemoteWebDriver.execute(RemoteWebDriver.java:637)
at org.openqa.selenium.remote.RemoteWebDriver.execute(RemoteWebDriver.java:694)
at org.openqa.selenium.remote.RemoteWebDriver.close(RemoteWebDriver.java:523)
at com.globoforce.mentoring.testautomation.awardlightbox.OpenFullScreenAward.closeDriver(OpenFullScreenAward.java:69)
... Removed 33 stack frames]]>
    </failure>
  </testcase> <!-- @AfterClass closeDriver -->
  <testcase name="openAwardPlusFromMyNomination" time="0.915" classname="com.globoforce.mentoring.testautomation.awardlightbox.OpenFullScreenAward">
    <failure type="org.openqa.selenium.WebDriverException" message="Failed to decode response from marionette
Build info: version: &amp;apos;3.4.0&amp;apos;, revision: &amp;apos;unknown&amp;apos;, time: &amp;apos;unknown&amp;apos;
System info: host: &amp;apos;EPBYGOMW0114&amp;apos;, ip: &amp;apos;10.9.126.5&amp;apos;, os.name: &amp;apos;Windows 10&amp;apos;, os.arch: &amp;apos;amd64&amp;apos;, os.version: &amp;apos;10.0&amp;apos;, java.version: &amp;apos;1.8.0_171&amp;apos;
Driver info: org.openqa.selenium.firefox.FirefoxDriver
Capabilities [{moz:profile=C:\Users\Iryna_Aleinik\AppData\Local\Temp\rust_mozprofile.ARhooyqg8OmY, rotatable=false, timeouts={implicit=0.0, pageLoad=300000.0, script=30000.0}, pageLoadStrategy=normal, moz:headless=false, platform=ANY, moz:accessibilityChecks=false, moz:useNonSpecCompliantPointerOrigin=false, acceptInsecureCerts=false, browserVersion=60.0.1, platformVersion=10.0, moz:processID=10672.0, browserName=firefox, javascriptEnabled=true, platformName=windows_nt, moz:webdriverClick=true}]
Session ID: ab05f012-87fd-4412-8e20-ef3e0fec9fd3
*** Element info: {Using=xpath, value=//div[@id=&amp;apos;navBar&amp;apos;]//a[@href=&amp;apos;/microsites/t/dashboard/MyActivity?client=recipientbased&amp;apos;]}">
      <![CDATA[org.openqa.selenium.WebDriverException: Failed to decode response from marionette
Build info: version: '3.4.0', revision: 'unknown', time: 'unknown'
System info: host: 'EPBYGOMW0114', ip: '10.9.126.5', os.name: 'Windows 10', os.arch: 'amd64', os.version: '10.0', java.version: '1.8.0_171'
Driver info: org.openqa.selenium.firefox.FirefoxDriver
Capabilities [{moz:profile=C:\Users\Iryna_Aleinik\AppData\Local\Temp\rust_mozprofile.ARhooyqg8OmY, rotatable=false, timeouts={implicit=0.0, pageLoad=300000.0, script=30000.0}, pageLoadStrategy=normal, moz:headless=false, platform=ANY, moz:accessibilityChecks=false, moz:useNonSpecCompliantPointerOrigin=false, acceptInsecureCerts=false, browserVersion=60.0.1, platformVersion=10.0, moz:processID=10672.0, browserName=firefox, javascriptEnabled=true, platformName=windows_nt, moz:webdriverClick=true}]
Session ID: ab05f012-87fd-4412-8e20-ef3e0fec9fd3
*** Element info: {Using=xpath, value=//div[@id='navBar']//a[@href='/microsites/t/dashboard/MyActivity?client=recipientbased']}
at org.openqa.selenium.remote.http.W3CHttpResponseCodec.createException(W3CHttpResponseCodec.java:150)
at org.openqa.selenium.remote.http.W3CHttpResponseCodec.decode(W3CHttpResponseCodec.java:115)
at org.openqa.selenium.remote.http.W3CHttpResponseCodec.decode(W3CHttpResponseCodec.java:45)
at org.openqa.selenium.remote.HttpCommandExecutor.execute(HttpCommandExecutor.java:164)
at org.openqa.selenium.remote.service.DriverCommandExecutor.execute(DriverCommandExecutor.java:82)
at org.openqa.selenium.remote.RemoteWebDriver.execute(RemoteWebDriver.java:637)
at org.openqa.selenium.remote.RemoteWebDriver.findElement(RemoteWebDriver.java:410)
at org.openqa.selenium.remote.RemoteWebDriver.findElementByXPath(RemoteWebDriver.java:509)
at org.openqa.selenium.By$ByXPath.findElement(By.java:361)
at org.openqa.selenium.remote.RemoteWebDriver.findElement(RemoteWebDriver.java:402)
at com.globoforce.mentoring.testautomation.awardlightbox.OpenFullScreenAward.openAwardPlusFromMyNomination(OpenFullScreenAward.java:32)
... Removed 32 stack frames]]>
    </failure>
  </testcase> <!-- openAwardPlusFromMyNomination -->
  <testcase name="openAwardPlusFromNewsFeed" time="0.003" classname="com.globoforce.mentoring.testautomation.awardlightbox.OpenFullScreenAward">
    <failure type="org.openqa.selenium.SessionNotCreatedException" message="Tried to run command without establishing a connection
Build info: version: &amp;apos;3.4.0&amp;apos;, revision: &amp;apos;unknown&amp;apos;, time: &amp;apos;unknown&amp;apos;
System info: host: &amp;apos;EPBYGOMW0114&amp;apos;, ip: &amp;apos;10.9.126.5&amp;apos;, os.name: &amp;apos;Windows 10&amp;apos;, os.arch: &amp;apos;amd64&amp;apos;, os.version: &amp;apos;10.0&amp;apos;, java.version: &amp;apos;1.8.0_171&amp;apos;
Driver info: org.openqa.selenium.firefox.FirefoxDriver
Capabilities [{moz:profile=C:\Users\Iryna_Aleinik\AppData\Local\Temp\rust_mozprofile.ARhooyqg8OmY, rotatable=false, timeouts={implicit=0.0, pageLoad=300000.0, script=30000.0}, pageLoadStrategy=normal, moz:headless=false, platform=ANY, moz:accessibilityChecks=false, moz:useNonSpecCompliantPointerOrigin=false, acceptInsecureCerts=false, browserVersion=60.0.1, platformVersion=10.0, moz:processID=10672.0, browserName=firefox, javascriptEnabled=true, platformName=windows_nt, moz:webdriverClick=true}]
Session ID: ab05f012-87fd-4412-8e20-ef3e0fec9fd3
*** Element info: {Using=xpath, value=//div[@id=&amp;apos;navBar&amp;apos;]/descendant::a[@href=&amp;apos;/microsites/t/home?client=recipientbased&amp;apos;]}">
      <![CDATA[org.openqa.selenium.SessionNotCreatedException: Tried to run command without establishing a connection
Build info: version: '3.4.0', revision: 'unknown', time: 'unknown'
System info: host: 'EPBYGOMW0114', ip: '10.9.126.5', os.name: 'Windows 10', os.arch: 'amd64', os.version: '10.0', java.version: '1.8.0_171'
Driver info: org.openqa.selenium.firefox.FirefoxDriver
Capabilities [{moz:profile=C:\Users\Iryna_Aleinik\AppData\Local\Temp\rust_mozprofile.ARhooyqg8OmY, rotatable=false, timeouts={implicit=0.0, pageLoad=300000.0, script=30000.0}, pageLoadStrategy=normal, moz:headless=false, platform=ANY, moz:accessibilityChecks=false, moz:useNonSpecCompliantPointerOrigin=false, acceptInsecureCerts=false, browserVersion=60.0.1, platformVersion=10.0, moz:processID=10672.0, browserName=firefox, javascriptEnabled=true, platformName=windows_nt, moz:webdriverClick=true}]
Session ID: ab05f012-87fd-4412-8e20-ef3e0fec9fd3
*** Element info: {Using=xpath, value=//div[@id='navBar']/descendant::a[@href='/microsites/t/home?client=recipientbased']}
at org.openqa.selenium.remote.http.W3CHttpResponseCodec.createException(W3CHttpResponseCodec.java:150)
at org.openqa.selenium.remote.http.W3CHttpResponseCodec.decode(W3CHttpResponseCodec.java:115)
at org.openqa.selenium.remote.http.W3CHttpResponseCodec.decode(W3CHttpResponseCodec.java:45)
at org.openqa.selenium.remote.HttpCommandExecutor.execute(HttpCommandExecutor.java:164)
at org.openqa.selenium.remote.service.DriverCommandExecutor.execute(DriverCommandExecutor.java:82)
at org.openqa.selenium.remote.RemoteWebDriver.execute(RemoteWebDriver.java:637)
at org.openqa.selenium.remote.RemoteWebDriver.findElement(RemoteWebDriver.java:410)
at org.openqa.selenium.remote.RemoteWebDriver.findElementByXPath(RemoteWebDriver.java:509)
at org.openqa.selenium.By$ByXPath.findElement(By.java:361)
at org.openqa.selenium.remote.RemoteWebDriver.findElement(RemoteWebDriver.java:402)
at com.globoforce.mentoring.testautomation.awardlightbox.OpenFullScreenAward.openAwardPlusFromNewsFeed(OpenFullScreenAward.java:43)
... Removed 32 stack frames]]>
    </failure>
  </testcase> <!-- openAwardPlusFromNewsFeed -->
  <testcase name="openAwardPlusFromNewMyActivity" time="0.003" classname="com.globoforce.mentoring.testautomation.awardlightbox.OpenFullScreenAward">
    <failure type="org.openqa.selenium.SessionNotCreatedException" message="Tried to run command without establishing a connection
Build info: version: &amp;apos;3.4.0&amp;apos;, revision: &amp;apos;unknown&amp;apos;, time: &amp;apos;unknown&amp;apos;
System info: host: &amp;apos;EPBYGOMW0114&amp;apos;, ip: &amp;apos;10.9.126.5&amp;apos;, os.name: &amp;apos;Windows 10&amp;apos;, os.arch: &amp;apos;amd64&amp;apos;, os.version: &amp;apos;10.0&amp;apos;, java.version: &amp;apos;1.8.0_171&amp;apos;
Driver info: org.openqa.selenium.firefox.FirefoxDriver
Capabilities [{moz:profile=C:\Users\Iryna_Aleinik\AppData\Local\Temp\rust_mozprofile.ARhooyqg8OmY, rotatable=false, timeouts={implicit=0.0, pageLoad=300000.0, script=30000.0}, pageLoadStrategy=normal, moz:headless=false, platform=ANY, moz:accessibilityChecks=false, moz:useNonSpecCompliantPointerOrigin=false, acceptInsecureCerts=false, browserVersion=60.0.1, platformVersion=10.0, moz:processID=10672.0, browserName=firefox, javascriptEnabled=true, platformName=windows_nt, moz:webdriverClick=true}]
Session ID: ab05f012-87fd-4412-8e20-ef3e0fec9fd3
*** Element info: {Using=xpath, value=//div[@id=&amp;apos;navBar&amp;apos;]//a[@href=&amp;apos;/microsites/t/dashboard/MyActivity?client=recipientbased&amp;apos;]}">
      <![CDATA[org.openqa.selenium.SessionNotCreatedException: Tried to run command without establishing a connection
Build info: version: '3.4.0', revision: 'unknown', time: 'unknown'
System info: host: 'EPBYGOMW0114', ip: '10.9.126.5', os.name: 'Windows 10', os.arch: 'amd64', os.version: '10.0', java.version: '1.8.0_171'
Driver info: org.openqa.selenium.firefox.FirefoxDriver
Capabilities [{moz:profile=C:\Users\Iryna_Aleinik\AppData\Local\Temp\rust_mozprofile.ARhooyqg8OmY, rotatable=false, timeouts={implicit=0.0, pageLoad=300000.0, script=30000.0}, pageLoadStrategy=normal, moz:headless=false, platform=ANY, moz:accessibilityChecks=false, moz:useNonSpecCompliantPointerOrigin=false, acceptInsecureCerts=false, browserVersion=60.0.1, platformVersion=10.0, moz:processID=10672.0, browserName=firefox, javascriptEnabled=true, platformName=windows_nt, moz:webdriverClick=true}]
Session ID: ab05f012-87fd-4412-8e20-ef3e0fec9fd3
*** Element info: {Using=xpath, value=//div[@id='navBar']//a[@href='/microsites/t/dashboard/MyActivity?client=recipientbased']}
at org.openqa.selenium.remote.http.W3CHttpResponseCodec.createException(W3CHttpResponseCodec.java:150)
at org.openqa.selenium.remote.http.W3CHttpResponseCodec.decode(W3CHttpResponseCodec.java:115)
at org.openqa.selenium.remote.http.W3CHttpResponseCodec.decode(W3CHttpResponseCodec.java:45)
at org.openqa.selenium.remote.HttpCommandExecutor.execute(HttpCommandExecutor.java:164)
at org.openqa.selenium.remote.service.DriverCommandExecutor.execute(DriverCommandExecutor.java:82)
at org.openqa.selenium.remote.RemoteWebDriver.execute(RemoteWebDriver.java:637)
at org.openqa.selenium.remote.RemoteWebDriver.findElement(RemoteWebDriver.java:410)
at org.openqa.selenium.remote.RemoteWebDriver.findElementByXPath(RemoteWebDriver.java:509)
at org.openqa.selenium.By$ByXPath.findElement(By.java:361)
at org.openqa.selenium.remote.RemoteWebDriver.findElement(RemoteWebDriver.java:402)
at com.globoforce.mentoring.testautomation.awardlightbox.OpenFullScreenAward.openAwardPlusFromNewMyActivity(OpenFullScreenAward.java:51)
... Removed 32 stack frames]]>
    </failure>
  </testcase> <!-- openAwardPlusFromNewMyActivity -->
  <testcase name="openAwardFromNewUserProfile" time="0.003" classname="com.globoforce.mentoring.testautomation.awardlightbox.OpenFullScreenAward">
    <failure type="org.openqa.selenium.SessionNotCreatedException" message="Tried to run command without establishing a connection
Build info: version: &amp;apos;3.4.0&amp;apos;, revision: &amp;apos;unknown&amp;apos;, time: &amp;apos;unknown&amp;apos;
System info: host: &amp;apos;EPBYGOMW0114&amp;apos;, ip: &amp;apos;10.9.126.5&amp;apos;, os.name: &amp;apos;Windows 10&amp;apos;, os.arch: &amp;apos;amd64&amp;apos;, os.version: &amp;apos;10.0&amp;apos;, java.version: &amp;apos;1.8.0_171&amp;apos;
Driver info: org.openqa.selenium.firefox.FirefoxDriver
Capabilities [{moz:profile=C:\Users\Iryna_Aleinik\AppData\Local\Temp\rust_mozprofile.ARhooyqg8OmY, rotatable=false, timeouts={implicit=0.0, pageLoad=300000.0, script=30000.0}, pageLoadStrategy=normal, moz:headless=false, platform=ANY, moz:accessibilityChecks=false, moz:useNonSpecCompliantPointerOrigin=false, acceptInsecureCerts=false, browserVersion=60.0.1, platformVersion=10.0, moz:processID=10672.0, browserName=firefox, javascriptEnabled=true, platformName=windows_nt, moz:webdriverClick=true}]
Session ID: ab05f012-87fd-4412-8e20-ef3e0fec9fd3
*** Element info: {Using=xpath, value=//div[@id=&amp;apos;navBar&amp;apos;]/descendant::a[@href=&amp;apos;/microsites/t/home?client=recipientbased&amp;apos;]}">
      <![CDATA[org.openqa.selenium.SessionNotCreatedException: Tried to run command without establishing a connection
Build info: version: '3.4.0', revision: 'unknown', time: 'unknown'
System info: host: 'EPBYGOMW0114', ip: '10.9.126.5', os.name: 'Windows 10', os.arch: 'amd64', os.version: '10.0', java.version: '1.8.0_171'
Driver info: org.openqa.selenium.firefox.FirefoxDriver
Capabilities [{moz:profile=C:\Users\Iryna_Aleinik\AppData\Local\Temp\rust_mozprofile.ARhooyqg8OmY, rotatable=false, timeouts={implicit=0.0, pageLoad=300000.0, script=30000.0}, pageLoadStrategy=normal, moz:headless=false, platform=ANY, moz:accessibilityChecks=false, moz:useNonSpecCompliantPointerOrigin=false, acceptInsecureCerts=false, browserVersion=60.0.1, platformVersion=10.0, moz:processID=10672.0, browserName=firefox, javascriptEnabled=true, platformName=windows_nt, moz:webdriverClick=true}]
Session ID: ab05f012-87fd-4412-8e20-ef3e0fec9fd3
*** Element info: {Using=xpath, value=//div[@id='navBar']/descendant::a[@href='/microsites/t/home?client=recipientbased']}
at org.openqa.selenium.remote.http.W3CHttpResponseCodec.createException(W3CHttpResponseCodec.java:150)
at org.openqa.selenium.remote.http.W3CHttpResponseCodec.decode(W3CHttpResponseCodec.java:115)
at org.openqa.selenium.remote.http.W3CHttpResponseCodec.decode(W3CHttpResponseCodec.java:45)
at org.openqa.selenium.remote.HttpCommandExecutor.execute(HttpCommandExecutor.java:164)
at org.openqa.selenium.remote.service.DriverCommandExecutor.execute(DriverCommandExecutor.java:82)
at org.openqa.selenium.remote.RemoteWebDriver.execute(RemoteWebDriver.java:637)
at org.openqa.selenium.remote.RemoteWebDriver.findElement(RemoteWebDriver.java:410)
at org.openqa.selenium.remote.RemoteWebDriver.findElementByXPath(RemoteWebDriver.java:509)
at org.openqa.selenium.By$ByXPath.findElement(By.java:361)
at org.openqa.selenium.remote.RemoteWebDriver.findElement(RemoteWebDriver.java:402)
at com.globoforce.mentoring.testautomation.awardlightbox.OpenFullScreenAward.openAwardFromNewUserProfile(OpenFullScreenAward.java:59)
... Removed 32 stack frames]]>
    </failure>
  </testcase> <!-- openAwardFromNewUserProfile -->
</testsuite> <!-- Firefox Test -->
